<?xml version="1.0" encoding="UTF-8" standalone="no"?><testsuite errors="1" failures="0" name="Purchase products at opencart" skipped="0" tests="1" time="0.41" timestamp="2023-12-07 03:03:55"><testcase name="Proceso de compra"><error message="No stage available - it looks like you haven't called the setTheStage() method before calling this one." type="net.serenitybdd.screenplay.actors.NoStageException">No stage available - it looks like you haven't called the setTheStage() method before calling this one.</error><system-err>No stage available - it looks like you haven't called the setTheStage() method before calling this one.&#13;
com.krlss.glue.LoginGlue.login(LoginGlue.java:29)&#13;
✽.User estoy en la pagina opencart(file:///C:/Users/Carlos/IdeaProjects/cart-e2e/src/test/resources/features/shop.feature:5)&#13;
</system-err></testcase></testsuite>